TN:
SF:src/app/providers/lang/LangProvider.tsx
FN:7,LangProvider
FN:11,useLang
FNF:2
FNH:1
FNDA:0,LangProvider
FNDA:27,useLang
DA:1,1
DA:2,1
DA:3,1
DA:4,1
DA:5,1
DA:6,1
DA:7,0
DA:8,0
DA:9,0
DA:10,1
DA:11,27
DA:12,27
DA:13,27
DA:14,27
DA:15,27
DA:16,27
DA:17,1
DA:18,27
DA:19,27
DA:20,27
DA:21,27
DA:22,27
DA:23,27
LF:23
LH:20
BRDA:11,0,0,27
BRDA:16,1,0,1
BRF:2
BRH:2
end_of_record
TN:
SF:src/app/providers/lang/index.ts
FN:1,get
FN:1,get
FNF:2
FNH:1
FNDA:0,get
FNDA:27,get
DA:1,1
LF:1
LH:1
BRDA:1,0,0,27
BRF:1
BRH:1
end_of_record
TN:
SF:src/entities/album/model/albumsSlice.ts
FN:18,Object.<anonymous>.exports.fetchAlbums.condition.lang.lang
FN:96,condition
FNF:2
FNH:2
FNDA:18,Object.<anonymous>.exports.fetchAlbums.condition.lang.lang
FNDA:20,condition
DA:1,1
DA:2,1
DA:3,1
DA:4,1
DA:5,1
DA:6,1
DA:7,1
DA:8,1
DA:9,1
DA:10,1
DA:11,1
DA:12,1
DA:13,1
DA:14,1
DA:15,1
DA:16,1
DA:17,1
DA:18,1
DA:19,18
DA:20,18
DA:21,18
DA:22,18
DA:23,18
DA:24,18
DA:25,18
DA:26,18
DA:27,18
DA:28,0
DA:29,0
DA:30,0
DA:31,0
DA:32,0
DA:33,0
DA:34,0
DA:35,18
DA:36,0
DA:37,0
DA:38,0
DA:39,0
DA:40,0
DA:41,0
DA:42,0
DA:43,0
DA:44,0
DA:45,0
DA:46,0
DA:47,0
DA:48,0
DA:49,0
DA:50,0
DA:51,0
DA:52,0
DA:53,0
DA:54,0
DA:55,0
DA:56,0
DA:57,0
DA:58,0
DA:59,0
DA:60,0
DA:61,0
DA:62,0
DA:63,0
DA:64,0
DA:65,0
DA:66,0
DA:67,0
DA:68,0
DA:69,0
DA:70,0
DA:71,0
DA:72,0
DA:73,0
DA:74,0
DA:75,0
DA:76,0
DA:77,0
DA:78,0
DA:79,0
DA:80,0
DA:81,0
DA:82,0
DA:83,0
DA:84,0
DA:85,0
DA:86,0
DA:87,0
DA:88,18
DA:89,18
DA:90,18
DA:91,18
DA:92,0
DA:93,0
DA:94,18
DA:95,1
DA:96,1
DA:97,20
DA:98,20
DA:99,20
DA:100,20
DA:101,2
DA:102,2
DA:103,18
DA:104,1
DA:105,1
DA:106,1
DA:107,1
DA:108,1
DA:109,1
DA:110,1
DA:111,1
DA:112,1
DA:113,1
DA:114,1
DA:115,1
LF:115
LH:54
BRDA:18,0,0,18
BRDA:28,1,0,0
BRDA:35,2,0,0
BRDA:35,3,0,0
BRDA:92,4,0,0
BRDA:96,5,0,20
BRDA:100,6,0,18
BRDA:100,7,0,2
BRDA:103,8,0,18
BRF:9
BRH:5
end_of_record
TN:
SF:src/entities/album/model/selectors.ts
FN:13,selectAlbumsState
FNF:1
FNH:1
FNDA:22,selectAlbumsState
DA:1,1
DA:2,1
DA:3,1
DA:4,1
DA:5,1
DA:6,1
DA:7,1
DA:8,1
DA:9,1
DA:10,1
DA:11,1
DA:12,1
DA:13,1
DA:14,1
DA:15,1
DA:16,1
DA:17,1
DA:18,1
DA:19,1
DA:20,1
DA:21,1
DA:22,1
DA:23,1
DA:24,1
DA:25,1
DA:26,1
DA:27,1
DA:28,1
DA:29,1
DA:30,1
DA:31,1
DA:32,1
DA:33,1
DA:34,1
DA:35,1
DA:36,1
DA:37,1
DA:38,1
DA:39,1
DA:40,1
DA:41,1
DA:42,1
DA:43,1
DA:44,1
LF:44
LH:44
BRDA:13,0,0,22
BRDA:18,1,0,22
BRDA:19,2,0,17
BRDA:24,3,0,13
BRDA:25,4,0,12
BRDA:30,5,0,11
BRDA:31,6,0,10
BRDA:36,7,0,11
BRDA:37,8,0,7
BRDA:42,9,0,6
BRDA:43,10,0,5
BRDA:43,11,0,504
BRF:12
BRH:12
end_of_record
TN:
SF:src/entities/article/model/articlesSlice.ts
FN:18,Object.<anonymous>.exports.fetchArticles.condition.lang.lang
FN:77,condition
FNF:2
FNH:2
FNDA:18,Object.<anonymous>.exports.fetchArticles.condition.lang.lang
FNDA:20,condition
DA:1,1
DA:2,1
DA:3,1
DA:4,1
DA:5,1
DA:6,1
DA:7,1
DA:8,1
DA:9,1
DA:10,1
DA:11,1
DA:12,1
DA:13,1
DA:14,1
DA:15,1
DA:16,1
DA:17,1
DA:18,1
DA:19,18
DA:20,18
DA:21,18
DA:22,18
DA:23,18
DA:24,18
DA:25,18
DA:26,18
DA:27,18
DA:28,18
DA:29,18
DA:30,18
DA:31,18
DA:32,18
DA:33,0
DA:34,0
DA:35,0
DA:36,0
DA:37,0
DA:38,0
DA:39,0
DA:40,18
DA:41,0
DA:42,0
DA:43,0
DA:44,0
DA:45,0
DA:46,0
DA:47,0
DA:48,0
DA:49,0
DA:50,0
DA:51,0
DA:52,0
DA:53,0
DA:54,0
DA:55,0
DA:56,0
DA:57,0
DA:58,0
DA:59,0
DA:60,0
DA:61,0
DA:62,0
DA:63,0
DA:64,0
DA:65,0
DA:66,0
DA:67,0
DA:68,0
DA:69,18
DA:70,18
DA:71,18
DA:72,18
DA:73,0
DA:74,0
DA:75,18
DA:76,1
DA:77,1
DA:78,20
DA:79,20
DA:80,20
DA:81,20
DA:82,2
DA:83,2
DA:84,18
DA:85,1
DA:86,1
DA:87,1
DA:88,1
DA:89,1
DA:90,1
DA:91,1
DA:92,1
DA:93,1
DA:94,1
DA:95,1
DA:96,1
LF:96
LH:59
BRDA:18,0,0,18
BRDA:33,1,0,0
BRDA:40,2,0,0
BRDA:40,3,0,0
BRDA:73,4,0,0
BRDA:22,5,0,18
BRDA:77,6,0,20
BRDA:81,7,0,18
BRDA:81,8,0,2
BRDA:84,9,0,18
BRF:10
BRH:6
end_of_record
TN:
SF:src/entities/article/model/selectors.ts
FN:13,selectArticlesState
FNF:1
FNH:1
FNDA:22,selectArticlesState
DA:1,1
DA:2,1
DA:3,1
DA:4,1
DA:5,1
DA:6,1
DA:7,1
DA:8,1
DA:9,1
DA:10,1
DA:11,1
DA:12,1
DA:13,1
DA:14,1
DA:15,1
DA:16,1
DA:17,1
DA:18,1
DA:19,1
DA:20,1
DA:21,1
DA:22,1
DA:23,1
DA:24,1
DA:25,1
DA:26,1
DA:27,1
DA:28,1
DA:29,1
DA:30,1
DA:31,1
DA:32,1
DA:33,1
DA:34,1
DA:35,1
DA:36,1
DA:37,1
DA:38,1
DA:39,1
DA:40,1
DA:41,1
DA:42,1
DA:43,1
DA:44,1
LF:44
LH:44
BRDA:13,0,0,22
BRDA:18,1,0,22
BRDA:19,2,0,17
BRDA:24,3,0,13
BRDA:25,4,0,12
BRDA:30,5,0,11
BRDA:31,6,0,10
BRDA:36,7,0,11
BRDA:37,8,0,7
BRDA:42,9,0,6
BRDA:43,10,0,5
BRDA:43,11,0,504
BRF:12
BRH:12
end_of_record
TN:
SF:src/features/navigation/index.ts
FN:1,get
FNF:1
FNH:1
FNDA:13,get
DA:1,1
LF:1
LH:1
BRDA:1,0,0,13
BRF:1
BRH:1
end_of_record
TN:
SF:src/features/navigation/ui/Navigation.tsx
FN:11,NavigationComponent
FN:35,className
FNF:2
FNH:2
FNDA:8,NavigationComponent
FNDA:8,className
DA:1,1
DA:2,1
DA:3,1
DA:4,1
DA:5,1
DA:6,1
DA:7,1
DA:8,1
DA:9,1
DA:10,1
DA:11,1
DA:12,8
DA:13,8
DA:14,8
DA:15,8
DA:16,8
DA:17,8
DA:18,8
DA:19,8
DA:20,8
DA:21,8
DA:22,8
DA:23,8
DA:24,8
DA:25,8
DA:26,8
DA:27,8
DA:28,8
DA:29,8
DA:30,8
DA:31,8
DA:32,8
DA:33,8
DA:34,8
DA:35,8
DA:36,8
DA:37,8
DA:38,8
DA:39,8
DA:40,8
DA:41,8
DA:42,8
DA:43,8
DA:44,8
DA:45,8
DA:46,8
DA:47,1
DA:48,1
LF:48
LH:48
BRDA:11,0,0,8
BRDA:18,1,0,7
BRDA:18,2,0,1
BRDA:21,3,0,0
BRDA:13,4,0,16
BRDA:29,5,0,8
BRDA:33,6,0,0
BRDA:35,7,0,8
BRF:8
BRH:6
end_of_record
TN:
SF:src/features/player/model/middleware/playerListeners.ts
FN:27,tryPlayWithVolume
FN:41,resetProgress
FN:52,effect
FN:67,effect
FN:78,effect
FN:97,effect
FN:108,effect
FN:120,effect
FN:141,effect
FN:180,effect
FN:240,effect
FN:273,attachAudioEvents
FNF:12
FNH:11
FNDA:11,tryPlayWithVolume
FNDA:7,resetProgress
FNDA:7,effect
FNDA:6,effect
FNDA:4,effect
FNDA:5,effect
FNDA:4,effect
FNDA:3,effect
FNDA:5,effect
FNDA:3,effect
FNDA:1,effect
FNDA:0,attachAudioEvents
DA:1,1
DA:2,1
DA:3,1
DA:4,1
DA:5,1
DA:6,1
DA:7,1
DA:8,1
DA:9,1
DA:10,1
DA:11,1
DA:12,1
DA:13,1
DA:14,1
DA:15,1
DA:16,1
DA:17,1
DA:18,1
DA:19,1
DA:20,1
DA:21,1
DA:22,1
DA:23,1
DA:24,1
DA:25,1
DA:26,1
DA:27,1
DA:28,11
DA:29,11
DA:30,11
DA:31,10
DA:32,11
DA:33,1
DA:34,1
DA:35,11
DA:36,1
DA:37,1
DA:38,1
DA:39,1
DA:40,1
DA:41,1
DA:42,7
DA:43,7
DA:44,7
DA:45,1
DA:46,1
DA:47,1
DA:48,1
DA:49,1
DA:50,1
DA:51,1
DA:52,1
DA:53,7
DA:54,7
DA:55,7
DA:56,1
DA:57,1
DA:58,1
DA:59,1
DA:60,1
DA:61,1
DA:62,1
DA:63,1
DA:64,1
DA:65,1
DA:66,1
DA:67,1
DA:68,6
DA:69,1
DA:70,1
DA:71,1
DA:72,1
DA:73,1
DA:74,1
DA:75,1
DA:76,1
DA:77,1
DA:78,1
DA:79,4
DA:80,4
DA:81,2
DA:82,2
DA:83,0
DA:84,0
DA:85,2
DA:86,2
DA:87,2
DA:88,1
DA:89,1
DA:90,1
DA:91,1
DA:92,1
DA:93,1
DA:94,1
DA:95,1
DA:96,1
DA:97,1
DA:98,5
DA:99,1
DA:100,1
DA:101,1
DA:102,1
DA:103,1
DA:104,1
DA:105,1
DA:106,1
DA:107,1
DA:108,1
DA:109,4
DA:110,1
DA:111,1
DA:112,1
DA:113,1
DA:114,1
DA:115,1
DA:116,1
DA:117,1
DA:118,1
DA:119,1
DA:120,1
DA:121,3
DA:122,3
DA:123,3
DA:124,3
DA:125,3
DA:126,3
DA:127,3
DA:128,2
DA:129,2
DA:130,1
DA:131,1
DA:132,1
DA:133,1
DA:134,1
DA:135,1
DA:136,1
DA:137,1
DA:138,1
DA:139,1
DA:140,1
DA:141,1
DA:142,5
DA:143,5
DA:144,5
DA:145,5
DA:146,5
DA:147,1
DA:148,1
DA:149,4
DA:150,4
DA:151,4
DA:152,4
DA:153,4
DA:154,4
DA:155,4
DA:156,4
DA:157,4
DA:158,4
DA:159,4
DA:160,4
DA:161,4
DA:162,4
DA:163,4
DA:164,5
DA:165,2
DA:166,2
DA:167,0
DA:168,0
DA:169,2
DA:170,1
DA:171,1
DA:172,1
DA:173,1
DA:174,1
DA:175,1
DA:176,1
DA:177,1
DA:178,1
DA:179,1
DA:180,1
DA:181,3
DA:182,3
DA:183,3
DA:184,3
DA:185,2
DA:186,2
DA:187,2
DA:188,2
DA:189,2
DA:190,2
DA:191,2
DA:192,2
DA:193,3
DA:194,0
DA:195,0
DA:196,0
DA:197,0
DA:198,0
DA:199,0
DA:200,0
DA:201,0
DA:202,0
DA:203,0
DA:204,0
DA:205,0
DA:206,0
DA:207,0
DA:208,0
DA:209,0
DA:210,0
DA:211,0
DA:212,0
DA:213,0
DA:214,0
DA:215,0
DA:216,0
DA:217,0
DA:218,0
DA:219,0
DA:220,0
DA:221,0
DA:222,0
DA:223,0
DA:224,0
DA:225,0
DA:226,0
DA:227,0
DA:228,2
DA:229,2
DA:230,2
DA:231,1
DA:232,1
DA:233,1
DA:234,1
DA:235,1
DA:236,1
DA:237,1
DA:238,1
DA:239,1
DA:240,1
DA:241,1
DA:242,1
DA:243,1
DA:244,1
DA:245,1
DA:246,1
DA:247,1
DA:248,1
DA:249,1
DA:250,1
DA:251,1
DA:252,1
DA:253,1
DA:254,1
DA:255,1
DA:256,1
DA:257,1
DA:258,1
DA:259,1
DA:260,1
DA:261,1
DA:262,1
DA:263,1
DA:264,1
DA:265,1
DA:266,1
DA:267,1
DA:268,1
DA:269,1
DA:270,1
DA:271,1
DA:272,1
DA:273,1
DA:274,0
DA:275,0
DA:276,0
DA:277,0
DA:278,0
DA:279,0
DA:280,0
DA:281,0
DA:282,0
DA:283,0
DA:284,0
DA:285,0
DA:286,0
DA:287,0
DA:288,0
DA:289,0
DA:290,0
DA:291,0
DA:292,0
DA:293,0
DA:294,0
DA:295,0
DA:296,0
DA:297,0
DA:298,0
DA:299,0
DA:300,0
DA:301,0
DA:302,0
DA:303,0
DA:304,0
DA:305,0
DA:306,0
DA:307,0
DA:308,0
DA:309,0
DA:310,0
DA:311,0
DA:312,0
DA:313,0
DA:314,0
DA:315,0
DA:316,0
DA:317,0
DA:318,0
DA:319,0
DA:320,0
DA:321,0
DA:322,0
DA:323,0
DA:324,0
DA:325,0
DA:326,0
DA:327,0
DA:328,0
DA:329,0
DA:330,0
DA:331,0
DA:332,0
DA:333,0
DA:334,0
DA:335,0
DA:336,0
DA:337,0
DA:338,0
DA:339,0
DA:340,0
DA:341,0
DA:342,0
DA:343,0
DA:344,0
DA:345,0
DA:346,0
DA:347,0
DA:348,0
DA:349,0
DA:350,0
DA:351,0
DA:352,0
DA:353,0
DA:354,0
DA:355,0
DA:356,0
DA:357,0
DA:358,0
DA:359,0
DA:360,0
DA:361,0
DA:362,0
DA:363,0
DA:364,0
DA:365,0
DA:366,0
DA:367,0
DA:368,0
DA:369,0
DA:370,0
DA:371,0
DA:372,0
DA:373,0
DA:374,0
DA:375,0
DA:376,0
DA:377,0
DA:378,0
DA:379,0
DA:380,0
DA:381,0
DA:382,0
DA:383,0
DA:384,0
DA:385,0
DA:386,0
DA:387,0
DA:388,0
DA:389,0
DA:390,0
DA:391,0
DA:392,0
DA:393,0
DA:394,0
DA:395,0
DA:396,0
DA:397,0
DA:398,0
DA:399,0
DA:400,0
DA:401,0
DA:402,0
DA:403,0
DA:404,0
DA:405,0
DA:406,0
DA:407,0
DA:408,0
DA:409,0
DA:410,0
DA:411,0
DA:412,0
DA:413,0
DA:414,0
DA:415,0
DA:416,0
DA:417,0
DA:418,0
DA:419,0
DA:420,0
DA:421,0
DA:422,0
DA:423,0
DA:424,0
DA:425,0
DA:426,0
DA:427,0
DA:428,0
DA:429,0
DA:430,0
DA:431,0
DA:432,0
DA:433,0
DA:434,0
DA:435,0
DA:436,0
DA:437,0
DA:438,0
DA:439,0
DA:440,0
DA:441,0
DA:442,0
DA:443,0
DA:444,0
DA:445,0
DA:446,0
DA:447,0
DA:448,0
DA:449,0
DA:450,0
DA:451,0
DA:452,0
DA:453,0
DA:454,0
DA:455,0
DA:456,0
DA:457,0
DA:458,0
DA:459,0
DA:460,0
DA:461,0
DA:462,0
DA:463,0
DA:464,0
DA:465,0
DA:466,0
DA:467,0
DA:468,0
DA:469,0
DA:470,0
DA:471,0
DA:472,0
DA:473,0
DA:474,0
DA:475,0
DA:476,0
DA:477,0
DA:478,0
DA:479,0
DA:480,0
DA:481,0
DA:482,0
DA:483,0
DA:484,0
DA:485,0
DA:486,0
DA:487,0
DA:488,0
DA:489,0
DA:490,0
DA:491,0
DA:492,0
DA:493,0
DA:494,0
DA:495,0
DA:496,0
DA:497,0
DA:498,0
DA:499,0
DA:500,0
DA:501,0
DA:502,0
DA:503,0
DA:504,0
DA:505,0
DA:506,0
DA:507,0
DA:508,0
DA:509,0
DA:510,0
DA:511,0
DA:512,0
DA:513,0
DA:514,0
DA:515,0
DA:516,0
DA:517,0
DA:518,0
DA:519,0
DA:520,0
DA:521,0
DA:522,0
DA:523,0
DA:524,0
DA:525,0
DA:526,0
DA:527,0
DA:528,0
DA:529,0
DA:530,0
DA:531,0
DA:532,0
DA:533,0
DA:534,0
DA:535,0
DA:536,0
DA:537,0
DA:538,0
DA:539,0
DA:540,0
DA:541,0
DA:542,0
DA:543,0
DA:544,0
DA:545,0
DA:546,0
DA:547,0
DA:548,0
DA:549,0
LF:549
LH:235
BRDA:27,0,0,11
BRDA:31,1,0,10
BRDA:32,2,0,1
BRDA:41,3,0,7
BRDA:52,4,0,7
BRDA:55,5,0,1
BRDA:67,6,0,6
BRDA:78,7,0,4
BRDA:80,8,0,2
BRDA:82,9,0,0
BRDA:97,10,0,5
BRDA:108,11,0,4
BRDA:120,12,0,3
BRDA:127,13,0,2
BRDA:127,14,0,2
BRDA:141,15,0,5
BRDA:144,16,0,4
BRDA:146,17,0,1
BRDA:149,18,0,4
BRDA:164,19,0,2
BRDA:166,20,0,0
BRDA:153,21,0,4
BRDA:180,22,0,3
BRDA:184,23,0,2
BRDA:184,24,0,1
BRDA:185,25,0,2
BRDA:193,26,0,0
BRDA:228,27,0,2
BRDA:240,28,0,1
BRF:29
BRH:26
end_of_record
TN:
SF:src/features/player/model/selectors/playerSelectors.ts
FN:9,selectPlayer
FNF:1
FNH:1
FNDA:58,selectPlayer
DA:1,1
DA:2,1
DA:3,1
DA:4,1
DA:5,1
DA:6,1
DA:7,1
DA:8,1
DA:9,1
DA:10,1
DA:11,1
DA:12,1
DA:13,1
DA:14,1
DA:15,1
DA:16,1
DA:17,1
DA:18,1
DA:19,1
DA:20,1
DA:21,1
DA:22,1
DA:23,1
DA:24,1
DA:25,1
DA:26,1
DA:27,1
DA:28,1
DA:29,1
DA:30,1
DA:31,1
DA:32,1
DA:33,1
DA:34,1
DA:35,1
DA:36,1
DA:37,1
DA:38,1
DA:39,1
DA:40,1
DA:41,1
DA:42,1
DA:43,1
DA:44,1
DA:45,1
DA:46,1
DA:47,1
DA:48,1
DA:49,1
DA:50,1
DA:51,1
DA:52,1
DA:53,1
DA:54,1
DA:55,1
DA:56,1
DA:57,1
DA:58,1
DA:59,1
DA:60,1
DA:61,1
DA:62,1
DA:63,1
LF:63
LH:63
BRDA:9,0,0,58
BRDA:12,1,0,6
BRDA:13,2,0,5
BRDA:14,3,0,2
BRDA:15,4,0,3
BRDA:19,5,0,4
BRDA:25,6,0,9
BRDA:27,7,0,4
BRDA:40,8,0,2
BRDA:43,9,0,7
BRDA:44,10,0,2
BRDA:47,11,0,2
BRF:12
BRH:12
end_of_record
TN:
SF:src/features/player/model/slice/playerSlice.ts
FN:19,shufflePlaylist
FN:32,findTrackIndexById
FN:44,play
FN:51,pause
FN:57,toggle
FN:63,setVolume
FN:70,setSeeking
FN:76,setProgress
FN:82,setTime
FN:88,setCurrentTime
FN:97,setPlaylist
FN:138,setCurrentTrackIndex
FN:149,nextTrack
FN:180,prevTrack
FN:195,requestPlay
FN:202,setAlbumInfo
FN:215,setAlbumMeta
FN:222,setSourceLocation
FN:225,setShowLyrics
FN:228,setControlsVisible
FN:236,toggleShuffle
FN:276,toggleRepeat
FN:285,hydrateFromPersistedState
FNF:23
FNH:23
FNDA:2,shufflePlaylist
FNDA:2,findTrackIndexById
FNDA:10,play
FNDA:9,pause
FNDA:9,toggle
FNDA:10,setVolume
FNDA:2,setSeeking
FNDA:10,setProgress
FNDA:9,setTime
FNDA:6,setCurrentTime
FNDA:7,setPlaylist
FNDA:5,setCurrentTrackIndex
FNDA:8,nextTrack
FNDA:3,prevTrack
FNDA:7,requestPlay
FNDA:2,setAlbumInfo
FNDA:3,setAlbumMeta
FNDA:4,setSourceLocation
FNDA:2,setShowLyrics
FNDA:2,setControlsVisible
FNDA:2,toggleShuffle
FNDA:6,toggleRepeat
FNDA:12,hydrateFromPersistedState
DA:1,1
DA:2,1
DA:3,1
DA:4,1
DA:5,1
DA:6,1
DA:7,1
DA:8,1
DA:9,1
DA:10,1
DA:11,1
DA:12,1
DA:13,1
DA:14,1
DA:15,1
DA:16,1
DA:17,1
DA:18,1
DA:19,1
DA:20,2
DA:21,2
DA:22,4
DA:23,4
DA:24,4
DA:25,2
DA:26,2
DA:27,1
DA:28,1
DA:29,1
DA:30,1
DA:31,1
DA:32,1
DA:33,2
DA:34,2
DA:35,1
DA:36,1
DA:37,1
DA:38,1
DA:39,1
DA:40,1
DA:41,1
DA:42,1
DA:43,1
DA:44,1
DA:45,10
DA:46,1
DA:47,1
DA:48,1
DA:49,1
DA:50,1
DA:51,1
DA:52,9
DA:53,1
DA:54,1
DA:55,1
DA:56,1
DA:57,1
DA:58,9
DA:59,1
DA:60,1
DA:61,1
DA:62,1
DA:63,1
DA:64,10
DA:65,1
DA:66,1
DA:67,1
DA:68,1
DA:69,1
DA:70,1
DA:71,2
DA:72,1
DA:73,1
DA:74,1
DA:75,1
DA:76,1
DA:77,10
DA:78,1
DA:79,1
DA:80,1
DA:81,1
DA:82,1
DA:83,9
DA:84,1
DA:85,1
DA:86,1
DA:87,1
DA:88,1
DA:89,6
DA:90,1
DA:91,1
DA:92,1
DA:93,1
DA:94,1
DA:95,1
DA:96,1
DA:97,1
DA:98,7
DA:99,7
DA:100,7
DA:101,7
DA:102,7
DA:103,7
DA:104,7
DA:105,1
DA:106,1
DA:107,1
DA:108,1
DA:109,1
DA:110,1
DA:111,1
DA:112,1
DA:113,1
DA:114,0
DA:115,0
DA:116,0
DA:117,0
DA:118,0
DA:119,0
DA:120,0
DA:121,1
DA:122,1
DA:123,1
DA:124,7
DA:125,6
DA:126,6
DA:127,6
DA:128,7
DA:129,7
DA:130,7
DA:131,3
DA:132,3
DA:133,1
DA:134,1
DA:135,1
DA:136,1
DA:137,1
DA:138,1
DA:139,5
DA:140,5
DA:141,1
DA:142,1
DA:143,1
DA:144,1
DA:145,1
DA:146,1
DA:147,1
DA:148,1
DA:149,1
DA:150,8
DA:151,8
DA:152,6
DA:153,6
DA:154,6
DA:155,6
DA:156,6
DA:157,6
DA:158,6
DA:159,0
DA:160,0
DA:161,0
DA:162,0
DA:163,0
DA:164,0
DA:165,0
DA:166,0
DA:167,6
DA:168,6
DA:169,6
DA:170,6
DA:171,6
DA:172,1
DA:173,1
DA:174,1
DA:175,1
DA:176,1
DA:177,1
DA:178,1
DA:179,1
DA:180,1
DA:181,3
DA:182,3
DA:183,3
DA:184,3
DA:185,3
DA:186,3
DA:187,3
DA:188,3
DA:189,1
DA:190,1
DA:191,1
DA:192,1
DA:193,1
DA:194,1
DA:195,1
DA:196,7
DA:197,1
DA:198,1
DA:199,1
DA:200,1
DA:201,1
DA:202,1
DA:203,2
DA:204,1
DA:205,1
DA:206,1
DA:207,1
DA:208,1
DA:209,1
DA:210,1
DA:211,1
DA:212,1
DA:213,1
DA:214,1
DA:215,1
DA:216,3
DA:217,1
DA:218,1
DA:219,1
DA:220,1
DA:221,1
DA:222,1
DA:223,4
DA:224,1
DA:225,1
DA:226,2
DA:227,1
DA:228,1
DA:229,2
DA:230,1
DA:231,1
DA:232,1
DA:233,1
DA:234,1
DA:235,1
DA:236,1
DA:237,2
DA:238,2
DA:239,2
DA:240,2
DA:241,2
DA:242,2
DA:243,1
DA:244,1
DA:245,1
DA:246,1
DA:247,1
DA:248,1
DA:249,1
DA:250,1
DA:251,1
DA:252,1
DA:253,1
DA:254,1
DA:255,1
DA:256,1
DA:257,1
DA:258,1
DA:259,1
DA:260,1
DA:261,1
DA:262,1
DA:263,1
DA:264,0
DA:265,0
DA:266,0
DA:267,1
DA:268,0
DA:269,0
DA:270,1
DA:271,1
DA:272,1
DA:273,1
DA:274,1
DA:275,1
DA:276,1
DA:277,6
DA:278,2
DA:279,6
DA:280,2
DA:281,2
DA:282,2
DA:283,2
DA:284,1
DA:285,1
DA:286,12
DA:287,12
DA:288,12
DA:289,12
DA:290,12
DA:291,12
DA:292,12
DA:293,12
DA:294,12
DA:295,12
DA:296,12
DA:297,12
DA:298,12
DA:299,12
DA:300,12
DA:301,12
DA:302,12
DA:303,12
DA:304,12
DA:305,12
DA:306,12
DA:307,12
DA:308,12
DA:309,12
DA:310,12
DA:311,12
DA:312,12
DA:313,12
DA:314,12
DA:315,12
DA:316,12
DA:317,12
DA:318,12
DA:319,12
DA:320,12
DA:321,12
DA:322,12
DA:323,12
DA:324,12
DA:325,9
DA:326,12
DA:327,12
DA:328,12
DA:329,12
DA:330,12
DA:331,2
DA:332,2
DA:333,12
DA:334,12
DA:335,12
DA:336,12
DA:337,12
DA:338,12
DA:339,12
DA:340,10
DA:341,10
DA:342,10
DA:343,10
DA:344,10
DA:345,12
DA:346,12
DA:347,12
DA:348,12
DA:349,12
DA:350,12
DA:351,12
DA:352,12
DA:353,12
DA:354,12
DA:355,12
DA:356,12
DA:357,12
DA:358,12
DA:359,12
DA:360,12
DA:361,2
DA:362,12
DA:363,10
DA:364,10
DA:365,12
DA:366,12
DA:367,2
DA:368,2
DA:369,12
DA:370,2
DA:371,12
DA:372,10
DA:373,10
DA:374,1
DA:375,1
DA:376,1
DA:377,1
DA:378,1
LF:378
LH:358
BRDA:19,0,0,2
BRDA:21,1,0,4
BRDA:32,2,0,2
BRDA:33,3,0,4
BRDA:44,4,0,10
BRDA:51,5,0,9
BRDA:57,6,0,9
BRDA:63,7,0,10
BRDA:70,8,0,2
BRDA:76,9,0,10
BRDA:82,10,0,9
BRDA:88,11,0,6
BRDA:97,12,0,7
BRDA:98,13,0,1
BRDA:104,14,0,1
BRDA:107,15,0,0
BRDA:113,16,0,0
BRDA:113,17,0,0
BRDA:124,18,0,6
BRDA:130,19,0,3
BRDA:138,20,0,5
BRDA:149,21,0,8
BRDA:151,22,0,6
BRDA:158,23,0,0
BRDA:180,24,0,3
BRDA:195,25,0,7
BRDA:202,26,0,2
BRDA:203,27,0,1
BRDA:215,28,0,3
BRDA:222,29,0,4
BRDA:225,30,0,2
BRDA:228,31,0,2
BRDA:236,32,0,2
BRDA:242,33,0,1
BRDA:244,34,0,0
BRDA:263,35,0,0
BRDA:267,36,0,0
BRDA:276,37,0,6
BRDA:277,38,0,2
BRDA:279,39,0,4
BRDA:279,40,0,2
BRDA:285,41,0,12
BRDA:322,42,0,3
BRDA:323,43,0,3
BRDA:324,44,0,9
BRDA:325,45,0,8
BRDA:326,46,0,1
BRDA:330,47,0,2
BRDA:332,48,0,0
BRDA:333,49,0,10
BRDA:336,50,0,11
BRDA:336,51,0,1
BRDA:337,52,0,0
BRDA:338,53,0,0
BRDA:339,54,0,10
BRDA:348,55,0,11
BRDA:349,56,0,11
BRDA:350,57,0,0
BRDA:352,58,0,9
BRDA:353,59,0,10
BRDA:356,60,0,3
BRDA:356,61,0,2
BRDA:356,62,0,10
BRDA:357,63,0,3
BRDA:357,64,0,2
BRDA:357,65,0,10
BRDA:360,66,0,2
BRDA:360,67,0,2
BRDA:362,68,0,10
BRDA:366,69,0,2
BRDA:369,70,0,2
BRDA:371,71,0,10
BRDA:340,72,0,12
BRF:73
BRH:62
end_of_record
TN:
SF:src/features/player/model/types/playerSchema.ts
FNF:0
FNH:0
DA:1,1
DA:2,1
DA:3,1
DA:4,1
DA:5,1
DA:6,1
DA:7,1
DA:8,1
DA:9,1
DA:10,1
DA:11,1
DA:12,1
DA:13,1
DA:14,1
DA:15,1
DA:16,1
DA:17,1
DA:18,1
DA:19,1
DA:20,1
DA:21,1
DA:22,1
DA:23,1
DA:24,1
DA:25,1
DA:26,1
DA:27,1
DA:28,1
DA:29,1
DA:30,1
DA:31,1
DA:32,1
DA:33,1
DA:34,1
DA:35,1
DA:36,1
DA:37,1
DA:38,1
DA:39,1
DA:40,1
DA:41,1
DA:42,1
DA:43,1
DA:44,1
DA:45,1
DA:46,1
DA:47,1
DA:48,1
DA:49,1
DA:50,1
DA:51,1
DA:52,1
DA:53,1
DA:54,1
DA:55,1
DA:56,1
DA:57,1
DA:58,1
DA:59,1
DA:60,1
DA:61,1
DA:62,1
DA:63,1
DA:64,1
DA:65,1
DA:66,1
DA:67,1
DA:68,1
DA:69,1
DA:70,1
DA:71,1
DA:72,1
LF:72
LH:72
BRF:0
BRH:0
end_of_record
TN:
SF:src/features/popupToggle/model/selectors/getPopupState.ts
FN:9,getPopupState
FNF:1
FNH:1
FNDA:8,getPopupState
DA:1,1
DA:2,1
DA:3,1
DA:4,1
DA:5,1
DA:6,1
DA:7,1
DA:8,1
DA:9,1
DA:10,1
DA:11,1
DA:12,1
LF:12
LH:12
BRDA:9,0,0,8
BRDA:12,1,0,4
BRF:2
BRH:2
end_of_record
TN:
SF:src/features/popupToggle/model/slice/popupSlice.ts
FN:15,open
FN:18,close
FN:21,toggle
FNF:3
FNH:3
FNDA:10,open
FNDA:9,close
FNDA:13,toggle
DA:1,1
DA:2,1
DA:3,1
DA:4,1
DA:5,1
DA:6,1
DA:7,1
DA:8,1
DA:9,1
DA:10,1
DA:11,1
DA:12,1
DA:13,1
DA:14,1
DA:15,1
DA:16,10
DA:17,1
DA:18,1
DA:19,9
DA:20,1
DA:21,1
DA:22,13
DA:23,1
DA:24,1
DA:25,1
DA:26,1
DA:27,1
DA:28,1
LF:28
LH:28
BRDA:15,0,0,10
BRDA:18,1,0,9
BRDA:21,2,0,13
BRF:3
BRH:3
end_of_record
TN:
SF:src/shared/api/http/index.ts
FN:6,getJSON
FNF:1
FNH:0
FNDA:0,getJSON
DA:1,1
DA:2,1
DA:3,1
DA:4,1
DA:5,1
DA:6,1
DA:7,0
DA:8,0
DA:9,0
DA:10,0
DA:11,0
DA:12,0
DA:13,0
DA:14,0
DA:15,0
DA:16,0
DA:17,0
DA:18,0
DA:19,0
DA:20,0
DA:21,0
DA:22,0
DA:23,0
DA:24,0
DA:25,0
DA:26,0
DA:27,0
DA:28,0
LF:28
LH:6
BRDA:3,0,0,0
BRF:1
BRH:0
end_of_record
TN:
SF:src/shared/lib/auth.ts
FN:27,saveAuth
FN:39,getToken
FN:51,getUser
FN:65,clearAuth
FN:77,isAuthenticated
FN:84,register
FN:116,login
FN:144,logout
FN:151,getAuthHeader
FNF:9
FNH:2
FNDA:0,saveAuth
FNDA:18,getToken
FNDA:0,getUser
FNDA:0,clearAuth
FNDA:0,isAuthenticated
FNDA:0,register
FNDA:0,login
FNDA:0,logout
FNDA:18,getAuthHeader
DA:1,1
DA:2,1
DA:3,1
DA:4,1
DA:5,1
DA:6,1
DA:7,1
DA:8,1
DA:9,1
DA:10,1
DA:11,1
DA:12,1
DA:13,1
DA:14,1
DA:15,1
DA:16,1
DA:17,1
DA:18,1
DA:19,1
DA:20,1
DA:21,1
DA:22,1
DA:23,1
DA:24,1
DA:25,1
DA:26,1
DA:27,0
DA:28,0
DA:29,0
DA:30,0
DA:31,0
DA:32,0
DA:33,0
DA:34,0
DA:35,1
DA:36,1
DA:37,1
DA:38,1
DA:39,18
DA:40,18
DA:41,18
DA:42,18
DA:43,0
DA:44,0
DA:45,0
DA:46,18
DA:47,1
DA:48,1
DA:49,1
DA:50,1
DA:51,0
DA:52,0
DA:53,0
DA:54,0
DA:55,0
DA:56,0
DA:57,0
DA:58,0
DA:59,0
DA:60,0
DA:61,1
DA:62,1
DA:63,1
DA:64,1
DA:65,0
DA:66,0
DA:67,0
DA:68,0
DA:69,0
DA:70,0
DA:71,0
DA:72,0
DA:73,1
DA:74,1
DA:75,1
DA:76,1
DA:77,0
DA:78,0
DA:79,0
DA:80,1
DA:81,1
DA:82,1
DA:83,1
DA:84,1
DA:85,0
DA:86,0
DA:87,0
DA:88,0
DA:89,0
DA:90,0
DA:91,0
DA:92,0
DA:93,0
DA:94,0
DA:95,0
DA:96,0
DA:97,0
DA:98,0
DA:99,0
DA:100,0
DA:101,0
DA:102,0
DA:103,0
DA:104,0
DA:105,0
DA:106,0
DA:107,0
DA:108,0
DA:109,0
DA:110,0
DA:111,0
DA:112,1
DA:113,1
DA:114,1
DA:115,1
DA:116,1
DA:117,0
DA:118,0
DA:119,0
DA:120,0
DA:121,0
DA:122,0
DA:123,0
DA:124,0
DA:125,0
DA:126,0
DA:127,0
DA:128,0
DA:129,0
DA:130,0
DA:131,0
DA:132,0
DA:133,0
DA:134,0
DA:135,0
DA:136,0
DA:137,0
DA:138,0
DA:139,0
DA:140,1
DA:141,1
DA:142,1
DA:143,1
DA:144,0
DA:145,0
DA:146,0
DA:147,1
DA:148,1
DA:149,1
DA:150,1
DA:151,18
DA:152,18
DA:153,18
DA:154,18
DA:155,18
DA:156,0
DA:157,0
LF:157
LH:70
BRDA:39,0,0,18
BRDA:42,1,0,0
BRDA:151,2,0,18
BRDA:156,3,0,0
BRF:4
BRH:2
end_of_record
TN:
SF:src/shared/lib/test-utils.tsx
FN:24,renderWithProviders
FN:43,Wrapper
FNF:2
FNH:2
FNDA:18,renderWithProviders
FNDA:18,Wrapper
DA:1,1
DA:2,1
DA:3,1
DA:4,1
DA:5,1
DA:6,1
DA:7,1
DA:8,1
DA:9,1
DA:10,1
DA:11,1
DA:12,1
DA:13,1
DA:14,1
DA:15,1
DA:16,1
DA:17,1
DA:18,1
DA:19,1
DA:20,1
DA:21,1
DA:22,1
DA:23,1
DA:24,18
DA:25,18
DA:26,18
DA:27,18
DA:28,18
DA:29,18
DA:30,18
DA:31,18
DA:32,18
DA:33,18
DA:34,18
DA:35,18
DA:36,18
DA:37,18
DA:38,18
DA:39,18
DA:40,18
DA:41,18
DA:42,18
DA:43,18
DA:44,18
DA:45,18
DA:46,18
DA:47,18
DA:48,18
DA:49,18
DA:50,18
DA:51,18
DA:52,18
DA:53,18
DA:54,18
LF:54
LH:54
BRDA:24,0,0,18
BRDA:43,1,0,18
BRF:2
BRH:2
end_of_record
TN:
SF:src/shared/lib/hooks/useAppDispatch.ts
FN:4,useAppDispatch
FNF:1
FNH:1
FNDA:27,useAppDispatch
DA:1,1
DA:2,1
DA:3,1
DA:4,1
LF:4
LH:4
BRDA:4,0,0,27
BRF:1
BRH:1
end_of_record
TN:
SF:src/shared/lib/hooks/useAppSelector.ts
FNF:0
FNH:0
DA:1,1
DA:2,1
DA:3,1
DA:4,1
LF:4
LH:4
BRF:0
BRH:0
end_of_record
TN:
SF:src/shared/lib/lang/index.ts
FN:3,hasStorage
FN:6,getLang
FN:18,setLang
FNF:3
FNH:2
FNDA:3,hasStorage
FNDA:3,getLang
FNDA:0,setLang
DA:1,1
DA:2,1
DA:3,1
DA:4,1
DA:5,1
DA:6,3
DA:7,3
DA:8,0
DA:9,0
DA:10,3
DA:11,3
DA:12,3
DA:13,3
DA:14,0
DA:15,0
DA:16,3
DA:17,1
DA:18,0
DA:19,0
DA:20,0
DA:21,0
DA:22,0
DA:23,0
DA:24,0
DA:25,0
DA:26,0
DA:27,0
DA:28,0
LF:28
LH:13
BRDA:3,0,0,3
BRDA:6,1,0,3
BRDA:7,2,0,0
BRDA:13,3,0,0
BRF:4
BRH:2
end_of_record
TN:
SF:src/shared/lib/redux/createLangSlice.ts
FN:22,createInitialLangEntry
FN:34,createInitialLangState
FN:44,createLangExtraReducers
FNF:3
FNH:3
FNDA:24,createInitialLangEntry
FNDA:12,createInitialLangState
FNDA:12,createLangExtraReducers
DA:1,1
DA:2,1
DA:3,1
DA:4,1
DA:5,1
DA:6,1
DA:7,1
DA:8,1
DA:9,1
DA:10,1
DA:11,1
DA:12,1
DA:13,1
DA:14,1
DA:15,1
DA:16,1
DA:17,1
DA:18,1
DA:19,1
DA:20,1
DA:21,1
DA:22,24
DA:23,24
DA:24,24
DA:25,24
DA:26,24
DA:27,24
DA:28,24
DA:29,24
DA:30,1
DA:31,1
DA:32,1
DA:33,1
DA:34,12
DA:35,12
DA:36,12
DA:37,12
DA:38,12
DA:39,12
DA:40,1
DA:41,1
DA:42,1
DA:43,1
DA:44,12
DA:45,12
DA:46,12
DA:47,12
DA:48,12
DA:49,12
DA:50,12
DA:51,12
DA:52,12
DA:53,12
DA:54,12
DA:55,12
DA:56,55
DA:57,55
DA:58,55
DA:59,55
DA:60,55
DA:61,55
DA:62,55
DA:63,55
DA:64,12
DA:65,12
DA:66,12
DA:67,12
DA:68,7
DA:69,7
DA:70,7
DA:71,7
DA:72,7
DA:73,7
DA:74,7
DA:75,12
DA:76,12
DA:77,12
DA:78,12
DA:79,48
DA:80,48
DA:81,48
DA:82,48
DA:83,48
DA:84,48
DA:85,48
DA:86,48
DA:87,48
DA:88,48
DA:89,48
DA:90,48
DA:91,48
DA:92,48
DA:93,42
DA:94,48
DA:95,6
DA:96,0
DA:97,6
DA:98,6
DA:99,6
DA:100,6
DA:101,6
DA:102,6
DA:103,6
DA:104,6
DA:105,48
DA:106,48
DA:107,48
DA:108,12
DA:109,12
DA:110,12
LF:110
LH:109
BRDA:22,0,0,24
BRDA:34,1,0,12
BRDA:44,2,0,12
BRDA:51,3,0,12
BRDA:55,4,0,55
BRDA:67,5,0,7
BRDA:78,6,0,48
BRDA:92,7,0,42
BRDA:94,8,0,6
BRDA:95,9,0,0
BRDA:102,10,0,0
BRF:11
BRH:9
end_of_record
TN:
SF:src/shared/model/lang/index.ts
FN:1,get
FN:1,get
FN:3,get
FN:4,get
FN:4,get
FNF:5
FNH:2
FNDA:0,get
FNDA:1,get
FNDA:27,get
FNDA:0,get
FNDA:0,get
DA:1,1
DA:2,1
DA:3,1
DA:4,1
LF:4
LH:4
BRDA:1,0,0,1
BRDA:3,1,0,27
BRF:2
BRH:2
end_of_record
TN:
SF:src/shared/model/lang/langSlice.ts
FN:7,isSupportedLang
FN:9,resolveInitialLang
FN:26,setLang
FNF:3
FNH:3
FNDA:5,isSupportedLang
FNDA:5,resolveInitialLang
FNDA:33,setLang
DA:1,1
DA:2,1
DA:3,1
DA:4,1
DA:5,1
DA:6,1
DA:7,1
DA:8,1
DA:9,1
DA:10,5
DA:11,5
DA:12,5
DA:13,1
DA:14,1
DA:15,1
DA:16,1
DA:17,1
DA:18,1
DA:19,1
DA:20,1
DA:21,1
DA:22,1
DA:23,1
DA:24,1
DA:25,1
DA:26,1
DA:27,33
DA:28,1
DA:29,1
DA:30,1
DA:31,1
DA:32,1
LF:32
LH:32
BRDA:7,0,0,5
BRDA:7,1,0,2
BRDA:9,2,0,5
BRDA:11,3,0,3
BRDA:11,4,0,2
BRDA:26,5,0,33
BRF:6
BRH:6
end_of_record
TN:
SF:src/shared/model/lang/listeners.ts
FN:7,applyLangSideEffects
FN:19,effect
FNF:2
FNH:2
FNDA:18,applyLangSideEffects
FNDA:18,effect
DA:1,1
DA:2,1
DA:3,1
DA:4,1
DA:5,1
DA:6,1
DA:7,1
DA:8,18
DA:9,18
DA:10,18
DA:11,18
DA:12,18
DA:13,18
DA:14,1
DA:15,1
DA:16,1
DA:17,1
DA:18,1
DA:19,1
DA:20,18
DA:21,1
DA:22,1
LF:22
LH:22
BRDA:7,0,0,18
BRDA:19,1,0,18
BRF:2
BRH:2
end_of_record
TN:
SF:src/shared/model/lang/selectors.ts
FN:10,selectLangState
FNF:1
FNH:1
FNDA:21,selectLangState
DA:1,1
DA:2,1
DA:3,1
DA:4,1
DA:5,1
DA:6,1
DA:7,1
DA:8,1
DA:9,1
DA:10,1
DA:11,1
DA:12,1
DA:13,1
DA:14,1
DA:15,1
DA:16,1
LF:16
LH:16
BRDA:10,0,0,21
BRDA:15,1,0,18
BRF:2
BRH:2
end_of_record
TN:
SF:src/shared/model/uiDictionary/index.ts
FN:1,get
FN:1,get
FN:3,get
FN:4,get
FN:5,get
FN:6,get
FN:7,get
FN:8,get
FNF:8
FNH:1
FNDA:0,get
FNDA:0,get
FNDA:0,get
FNDA:0,get
FNDA:0,get
FNDA:0,get
FNDA:0,get
FNDA:28,get
DA:1,1
DA:2,1
DA:3,1
DA:4,1
DA:5,1
DA:6,1
DA:7,1
DA:8,1
DA:9,1
DA:10,1
LF:10
LH:10
BRDA:8,0,0,28
BRF:1
BRH:1
end_of_record
TN:
SF:src/shared/model/uiDictionary/selectors.ts
FN:13,selectUiDictionaryState
FNF:1
FNH:1
FNDA:40,selectUiDictionaryState
DA:1,1
DA:2,1
DA:3,1
DA:4,1
DA:5,1
DA:6,1
DA:7,1
DA:8,1
DA:9,1
DA:10,1
DA:11,1
DA:12,1
DA:13,1
DA:14,40
DA:15,1
DA:16,1
DA:17,1
DA:18,1
DA:19,1
DA:20,1
DA:21,1
DA:22,1
DA:23,1
DA:24,1
DA:25,1
DA:26,1
DA:27,1
DA:28,1
DA:29,1
DA:30,1
DA:31,1
DA:32,1
DA:33,1
DA:34,1
DA:35,1
DA:36,1
DA:37,1
DA:38,1
DA:39,1
DA:40,1
DA:41,1
DA:42,1
DA:43,1
DA:44,1
DA:45,1
LF:45
LH:45
BRDA:13,0,0,40
BRDA:19,1,0,40
BRDA:20,2,0,30
BRDA:25,3,0,17
BRDA:26,4,0,16
BRDA:31,5,0,14
BRDA:32,6,0,13
BRDA:37,7,0,29
BRDA:38,8,0,19
BRDA:43,9,0,23
BRDA:44,10,0,13
BRDA:44,11,0,6
BRF:12
BRH:12
end_of_record
TN:
SF:src/shared/model/uiDictionary/uiDictionarySlice.ts
FN:19,Object.<anonymous>.exports.fetchUiDictionary.condition.lang.lang
FN:31,condition
FNF:2
FNH:2
FNDA:19,Object.<anonymous>.exports.fetchUiDictionary.condition.lang.lang
FNDA:22,condition
DA:1,1
DA:2,1
DA:3,1
DA:4,1
DA:5,1
DA:6,1
DA:7,1
DA:8,1
DA:9,1
DA:10,1
DA:11,1
DA:12,1
DA:13,1
DA:14,1
DA:15,1
DA:16,1
DA:17,1
DA:18,1
DA:19,1
DA:20,19
DA:21,19
DA:22,7
DA:23,19
DA:24,8
DA:25,5
DA:26,5
DA:27,3
DA:28,3
DA:29,19
DA:30,1
DA:31,1
DA:32,22
DA:33,22
DA:34,22
DA:35,22
DA:36,3
DA:37,3
DA:38,19
DA:39,1
DA:40,1
DA:41,1
DA:42,1
DA:43,1
DA:44,1
DA:45,1
DA:46,1
DA:47,1
DA:48,1
DA:49,1
DA:50,1
LF:50
LH:50
BRDA:19,0,0,19
BRDA:22,1,0,7
BRDA:23,2,0,8
BRDA:24,3,0,5
BRDA:27,4,0,3
BRDA:31,5,0,22
BRDA:35,6,0,20
BRDA:35,7,0,3
BRDA:38,8,0,19
BRF:9
BRH:9
end_of_record
TN:
SF:src/widgets/footer/ui/Footer.tsx
FN:14,supportLink
FN:16,FooterComponent
FNF:2
FNH:2
FNDA:6,supportLink
FNDA:6,FooterComponent
DA:1,1
DA:2,1
DA:3,1
DA:4,1
DA:5,1
DA:6,1
DA:7,1
DA:8,1
DA:9,1
DA:10,1
DA:11,1
DA:12,1
DA:13,1
DA:14,1
DA:15,1
DA:16,6
DA:17,6
DA:18,6
DA:19,6
DA:20,6
DA:21,6
DA:22,6
DA:23,6
DA:24,6
DA:25,6
DA:26,6
DA:27,24
DA:28,24
DA:29,24
DA:30,24
DA:31,24
DA:32,24
DA:33,24
DA:34,24
DA:35,24
DA:36,24
DA:37,6
DA:38,6
DA:39,6
DA:40,6
DA:41,6
DA:42,6
DA:43,6
DA:44,6
DA:45,6
DA:46,6
DA:47,6
DA:48,6
DA:49,6
DA:50,6
DA:51,6
DA:52,6
DA:53,6
DA:54,1
DA:55,1
DA:56,1
LF:56
LH:56
BRDA:14,0,0,6
BRDA:16,1,0,6
BRDA:47,2,0,4
BRDA:47,3,0,2
BRDA:18,4,0,12
BRDA:26,5,0,24
BRF:6
BRH:6
end_of_record
TN:
SF:src/widgets/header/ui/Header.tsx
FN:19,HeaderComponent
FN:26,handleClickOutside
FN:36,changeLang
FN:50,onClick
FN:62,onClick
FNF:5
FNH:5
FNDA:13,HeaderComponent
FNDA:7,handleClickOutside
FNDA:1,changeLang
FNDA:4,onClick
FNDA:1,onClick
DA:1,1
DA:2,1
DA:3,1
DA:4,1
DA:5,1
DA:6,1
DA:7,1
DA:8,1
DA:9,1
DA:10,1
DA:11,1
DA:12,1
DA:13,1
DA:14,1
DA:15,1
DA:16,1
DA:17,1
DA:18,1
DA:19,1
DA:20,13
DA:21,13
DA:22,13
DA:23,13
DA:24,13
DA:25,13
DA:26,7
DA:27,7
DA:28,2
DA:29,2
DA:30,7
DA:31,7
DA:32,7
DA:33,13
DA:34,13
DA:35,13
DA:36,13
DA:37,1
DA:38,1
DA:39,1
DA:40,1
DA:41,13
DA:42,13
DA:43,13
DA:44,13
DA:45,13
DA:46,13
DA:47,13
DA:48,13
DA:49,13
DA:50,13
DA:51,13
DA:52,13
DA:53,13
DA:54,13
DA:55,13
DA:56,13
DA:57,13
DA:58,13
DA:59,26
DA:60,26
DA:61,26
DA:62,26
DA:63,26
DA:64,26
DA:65,26
DA:66,26
DA:67,26
DA:68,26
DA:69,13
DA:70,13
DA:71,13
DA:72,13
DA:73,13
DA:74,13
DA:75,13
DA:76,13
DA:77,13
DA:78,13
DA:79,13
DA:80,13
DA:81,13
DA:82,13
DA:83,13
DA:84,13
DA:85,13
DA:86,13
DA:87,13
DA:88,13
DA:89,13
DA:90,13
DA:91,13
DA:92,13
DA:93,13
DA:94,13
DA:95,13
DA:96,13
DA:97,13
DA:98,1
DA:99,1
LF:99
LH:99
BRDA:19,0,0,13
BRDA:53,1,0,1
BRDA:53,2,0,12
BRDA:88,3,0,0
BRDA:25,4,0,7
BRDA:26,5,0,7
BRDA:27,6,0,2
BRDA:32,7,0,7
BRDA:36,8,0,1
BRDA:50,9,0,4
BRDA:58,10,0,26
BRDA:62,11,0,1
BRF:12
BRH:11
end_of_record
TN:
SF:src/widgets/notFound/NotFoundPage.tsx
FN:5,NotFoundPage
FN:76,onClick
FNF:2
FNH:2
FNDA:5,NotFoundPage
FNDA:1,onClick
DA:1,1
DA:2,1
DA:3,1
DA:4,1
DA:5,1
DA:6,5
DA:7,5
DA:8,5
DA:9,5
DA:10,5
DA:11,5
DA:12,5
DA:13,5
DA:14,5
DA:15,5
DA:16,5
DA:17,5
DA:18,5
DA:19,5
DA:20,5
DA:21,5
DA:22,5
DA:23,5
DA:24,5
DA:25,5
DA:26,5
DA:27,5
DA:28,5
DA:29,5
DA:30,5
DA:31,5
DA:32,5
DA:33,5
DA:34,5
DA:35,5
DA:36,5
DA:37,5
DA:38,5
DA:39,5
DA:40,5
DA:41,5
DA:42,5
DA:43,5
DA:44,5
DA:45,5
DA:46,5
DA:47,5
DA:48,5
DA:49,5
DA:50,5
DA:51,5
DA:52,5
DA:53,5
DA:54,5
DA:55,5
DA:56,5
DA:57,5
DA:58,5
DA:59,5
DA:60,5
DA:61,5
DA:62,5
DA:63,5
DA:64,5
DA:65,5
DA:66,5
DA:67,5
DA:68,5
DA:69,5
DA:70,5
DA:71,5
DA:72,5
DA:73,5
DA:74,5
DA:75,5
DA:76,5
DA:77,5
DA:78,5
DA:79,5
DA:80,5
DA:81,5
LF:81
LH:81
BRDA:5,0,0,5
BRDA:76,1,0,1
BRF:2
BRH:2
end_of_record
